1. ~NoLeak ~LowTemp ReactorUnitSafe {}
2. ~NoLeakH1 ~NoLeakH2 NoLeak {}
3. ~okH1 NoLeakH1 {}
5. ~okH2 NoLeakH2 {}
6. okH2 V2 NoLeakH2 {}
8. l ~V1 LowTemp {}
10. ~l {}
12. okH1 {}
13. V1 {}
14. ~V2 {}
15. ~ReactorUnitSafe {}
16. ~NoLeak ~LowTemp {1 15}
17. ~NoLeakH1 ~NoLeakH2 ~LowTemp {2 16}
18. ~okH1 ~NoLeakH2 ~LowTemp {3 17}
19. ~NoLeakH2 ~LowTemp {12 18}
20. ~okH2 ~LowTemp {5 19}
21. V2 NoLeakH2 ~LowTemp {6 20}
22. NoLeakH2 ~LowTemp {14 21}
23. ~LowTemp ~LowTemp {19 22}
24. l ~V1 {8 23}
25. ~V1 {10 24}
26. False {13 25}
Size of final clause set: 26
